    Finished `dev` profile [unoptimized + debuginfo] target(s) in 0.37s
     Running `target/debug/almizan-core`
[2m2026-01-02T09:50:18.205194Z[0m [32m INFO[0m [2malmizan_core[0m[2m:[0m Initializing Al-Mizan Core...
[2m2026-01-02T09:50:18.207364Z[0m [34mDEBUG[0m [2mtungstenite::handshake::client[0m[2m:[0m Client handshake done.
[2m2026-01-02T09:50:18.255838Z[0m [32m INFO[0m [2malmizan_core[0m[2m:[0m Connected to SurrealDB successfully

thread 'main' (699856) panicked at src/main.rs:139:72:
called `Result::unwrap()` on an `Err` value: Os { code: 98, kind: AddrInUse, message: "Address already in use" }
note: run with `RUST_BACKTRACE=1` environment variable to display a backtrace
   Compiling almizan-core v0.1.0 (/home/a/code/al-mizan-project/almizan-core)
    Finished `dev` profile [unoptimized + debuginfo] target(s) in 4.44s
     Running `target/debug/almizan-core`
[2m2026-01-02T09:53:20.574058Z[0m [32m INFO[0m [2malmizan_core[0m[2m:[0m Initializing Al-Mizan Core...
[2m2026-01-02T09:53:20.614238Z[0m [34mDEBUG[0m [2mtungstenite::handshake::client[0m[2m:[0m Client handshake done.
[2m2026-01-02T09:53:20.716087Z[0m [32m INFO[0m [2malmizan_core[0m[2m:[0m Connected to SurrealDB successfully
[2m2026-01-02T09:53:20.717070Z[0m [32m INFO[0m [2malmizan_core[0m[2m:[0m listening on 0.0.0.0:3000
COMMERCIAL AUDIT: Topic 'bitcoin' accessed with level 'Standard'. Time: 2026-01-02T09:54:53.563692130+00:00
COMMERCIAL AUDIT: Topic 'bitcoin' accessed with level 'Standard'. Time: 2026-01-02T09:55:27.762826257+00:00
    Finished `dev` profile [unoptimized + debuginfo] target(s) in 0.34s
     Running `target/debug/almizan-core`
[2m2026-01-02T09:57:06.663264Z[0m [32m INFO[0m [2malmizan_core[0m[2m:[0m Initializing Al-Mizan Core...
[2m2026-01-02T09:57:06.671670Z[0m [34mDEBUG[0m [2mtungstenite::handshake::client[0m[2m:[0m Client handshake done.
[2m2026-01-02T09:57:06.715303Z[0m [32m INFO[0m [2malmizan_core[0m[2m:[0m Connected to SurrealDB successfully
[2m2026-01-02T09:57:06.716366Z[0m [32m INFO[0m [2malmizan_core[0m[2m:[0m listening on 0.0.0.0:3000
COMMERCIAL AUDIT: Topic 'bitcoin' accessed with level 'Standard'. Time: 2026-01-02T09:57:42.170694267+00:00
COMMERCIAL AUDIT: Topic 'riba' accessed with level 'Standard'. Time: 2026-01-02T09:58:14.589844596+00:00
    Finished `dev` profile [unoptimized + debuginfo] target(s) in 0.43s
     Running `target/debug/almizan-core`
[2m2026-01-02T09:59:59.534550Z[0m [32m INFO[0m [2malmizan_core[0m[2m:[0m Initializing Al-Mizan Core...
[2m2026-01-02T09:59:59.562400Z[0m [34mDEBUG[0m [2mtungstenite::handshake::client[0m[2m:[0m Client handshake done.
[2m2026-01-02T09:59:59.611533Z[0m [32m INFO[0m [2malmizan_core[0m[2m:[0m Connected to SurrealDB successfully
[2m2026-01-02T09:59:59.612346Z[0m [32m INFO[0m [2malmizan_core[0m[2m:[0m listening on 0.0.0.0:3000
COMMERCIAL AUDIT: Topic 'bitcoin' accessed with level 'Standard'. Time: 2026-01-02T10:00:44.395507452+00:00
COMMERCIAL AUDIT: Topic 'riba' accessed with level 'Standard'. Time: 2026-01-02T10:00:46.943766956+00:00
COMMERCIAL AUDIT: Topic 'gold' accessed with level 'Standard'. Time: 2026-01-02T10:00:48.976653624+00:00
[2m2026-01-02T10:02:03.464040Z[0m [32m INFO[0m [2malmizan_core::api::v1::graph[0m[2m:[0m GRAPH DEBUG: Verses: 50, Roots: 96, ValidNodes: 146, FinalEdges: 119
    Finished `dev` profile [unoptimized + debuginfo] target(s) in 0.54s
     Running `target/debug/almizan-core`
[2m2026-01-02T10:06:30.496622Z[0m [32m INFO[0m [2malmizan_core[0m[2m:[0m Initializing Al-Mizan Core...
[2m2026-01-02T10:06:30.505298Z[0m [34mDEBUG[0m [2mtungstenite::handshake::client[0m[2m:[0m Client handshake done.
[2m2026-01-02T10:06:30.545289Z[0m [32m INFO[0m [2malmizan_core[0m[2m:[0m Connected to SurrealDB successfully
[2m2026-01-02T10:06:30.545825Z[0m [32m INFO[0m [2malmizan_core[0m[2m:[0m listening on 0.0.0.0:3000
[2m2026-01-02T10:07:13.742717Z[0m [32m INFO[0m [2malmizan_core::api::v1::graph[0m[2m:[0m GRAPH DEBUG: Verses: 50, Roots: 96, ValidNodes: 146, FinalEdges: 119
    Finished `dev` profile [unoptimized + debuginfo] target(s) in 0.69s
     Running `target/debug/almizan-core`
[2m2026-01-02T10:14:21.941661Z[0m [32m INFO[0m [2malmizan_core[0m[2m:[0m Initializing Al-Mizan Core...
[2m2026-01-02T10:14:21.957392Z[0m [34mDEBUG[0m [2mtungstenite::handshake::client[0m[2m:[0m Client handshake done.
[2m2026-01-02T10:14:22.059731Z[0m [32m INFO[0m [2malmizan_core[0m[2m:[0m Connected to SurrealDB successfully
[2m2026-01-02T10:14:22.060906Z[0m [32m INFO[0m [2malmizan_core[0m[2m:[0m listening on 0.0.0.0:3000
[2m2026-01-02T10:15:39.679200Z[0m [32m INFO[0m [2malmizan_core::api::v1::graph[0m[2m:[0m GRAPH DEBUG: Verses: 50, Roots: 96, ValidNodes: 146, FinalEdges: 119
   Compiling almizan-core v0.1.0 (/home/a/code/al-mizan-project/almizan-core)
    Finished `dev` profile [unoptimized + debuginfo] target(s) in 7.51s
     Running `target/debug/almizan-core`
[2m2026-01-02T10:20:19.141491Z[0m [32m INFO[0m [2malmizan_core[0m[2m:[0m Initializing Al-Mizan Core...
[2m2026-01-02T10:20:19.186245Z[0m [34mDEBUG[0m [2mtungstenite::handshake::client[0m[2m:[0m Client handshake done.
[2m2026-01-02T10:20:19.366356Z[0m [32m INFO[0m [2malmizan_core[0m[2m:[0m Connected to SurrealDB successfully
[2m2026-01-02T10:20:19.371923Z[0m [32m INFO[0m [2malmizan_core[0m[2m:[0m listening on 0.0.0.0:3000
    Finished `dev` profile [unoptimized + debuginfo] target(s) in 0.58s
     Running `target/debug/almizan-core`
[2m2026-01-02T10:20:29.642723Z[0m [32m INFO[0m [2malmizan_core[0m[2m:[0m Initializing Al-Mizan Core...
[2m2026-01-02T10:20:29.645216Z[0m [34mDEBUG[0m [2mtungstenite::handshake::client[0m[2m:[0m Client handshake done.
[2m2026-01-02T10:20:29.714357Z[0m [32m INFO[0m [2malmizan_core[0m[2m:[0m Connected to SurrealDB successfully

thread 'main' (705974) panicked at src/main.rs:139:72:
called `Result::unwrap()` on an `Err` value: Os { code: 98, kind: AddrInUse, message: "Address already in use" }
note: run with `RUST_BACKTRACE=1` environment variable to display a backtrace
[2m2026-01-02T10:22:07.535032Z[0m [32m INFO[0m [2malmizan_core::api::v1::graph[0m[2m:[0m GRAPH DEBUG: Verses: 50, Roots: 96, ValidNodes: 146, FinalEdges: 119
[2m2026-01-02T10:22:19.191338Z[0m [32m INFO[0m [2malmizan_core::api::v1::graph[0m[2m:[0m GRAPH DEBUG: Verses: 50, Roots: 96, ValidNodes: 146, FinalEdges: 119
[2m2026-01-02T10:24:25.115006Z[0m [32m INFO[0m [2malmizan_core::api::v1::graph[0m[2m:[0m GRAPH DEBUG: Verses: 50, Roots: 96, ValidNodes: 146, FinalEdges: 119
[2m2026-01-02T10:42:12.180757Z[0m [32m INFO[0m [2malmizan_core::api::v1::graph[0m[2m:[0m GRAPH DEBUG: Verses: 50, Roots: 96, ValidNodes: 146, FinalEdges: 119
[2m2026-01-02T10:42:52.534559Z[0m [32m INFO[0m [2malmizan_core::api::v1::graph[0m[2m:[0m GRAPH DEBUG: Verses: 50, Roots: 96, ValidNodes: 146, FinalEdges: 119
[2m2026-01-02T10:51:09.190972Z[0m [32m INFO[0m [2malmizan_core::api::v1::graph[0m[2m:[0m GRAPH DEBUG: Verses: 50, Roots: 96, ValidNodes: 146, FinalEdges: 119
[2m2026-01-02T11:16:49.608454Z[0m [32m INFO[0m [2malmizan_core::api::v1::graph[0m[2m:[0m GRAPH DEBUG: Verses: 50, Roots: 96, ValidNodes: 146, FinalEdges: 119
[2m2026-01-02T11:20:15.880761Z[0m [32m INFO[0m [2malmizan_core::api::v1::graph[0m[2m:[0m GRAPH DEBUG: Verses: 50, Roots: 96, ValidNodes: 146, FinalEdges: 119
[2m2026-01-02T11:24:39.761467Z[0m [32m INFO[0m [2malmizan_core::api::v1::graph[0m[2m:[0m GRAPH DEBUG: Verses: 50, Roots: 96, ValidNodes: 146, FinalEdges: 119
